<?xml version="1.0" encoding="UTF-8"?>
<testsuite xmlns:xsi="http://www.w3.org/2001/XMLSchema-instance" xsi:noNamespaceSchemaLocation="https://maven.apache.org/surefire/maven-surefire-plugin/xsd/surefire-test-report-3.0.xsd" version="3.0" name="matricula.ServicioMatriculaTest" time="0.129" tests="7" errors="0" skipped="0" failures="0">
  <properties>
[...]
</properties>
  <testcase name="matricular_estudianteAvanzadoConCreditosPermitidos_debeRetornarAprobada" classname="matricula.ServicioMatriculaTest" time="0.077"/>
  <testcase name="puedoAgregarCursoExtra_superandoLimite_debeRetornarFalse" classname="matricula.ServicioMatriculaTest" time="0.006"/>
  <testcase name="matricular_estudianteRegularDentroDelLimite_debeRetornarAprobada" classname="matricula.ServicioMatriculaTest" time="0.003"/>
  <testcase name="puedoAgregarCursoExtra_sinSuperarLimite_debeRetornarTrue" classname="matricula.ServicioMatriculaTest" time="0.002"/>
  <testcase name="matricular_aprobada_mensajeDebeContenerNombreDelEstudiante" classname="matricula.ServicioMatriculaTest" time="0.004"/>
  <testcase name="matricular_estudianteRegularSuperaLimite_debeRetornarRechazada" classname="matricula.ServicioMatriculaTest" time="0.004"/>
  <testcase name="matricular_debeCalcularCorrectamenteElTotalDeCreditos" classname="matricula.ServicioMatriculaTest" time="0.004"/>
</testsuite>